# JRE version: Java(TM) SE Runtime Environment (8.0_112-b15) (build 1.8.0_112-b15)
# Java VM: Java HotSpot(TM) 64-Bit Server VM (25.112-b15 mixed mode windows-amd64 compressed oops)
Heap:
 PSYoungGen      total 57344K, used 16523K [0x00000007bc400000, 0x00000007c0000000, 0x00000007c0000000)
  eden space 53248K, 26% used [0x00000007bc400000,0x00000007bd1e2f20,0x00000007bf800000)
  from space 4096K, 56% used [0x00000007bf800000,0x00000007bfa40000,0x00000007bfc00000)
  to   space 4096K, 0% used [0x00000007bfc00000,0x00000007bfc00000,0x00000007c0000000)
 ParOldGen       total 147456K, used 57367K [0x0000000700000000, 0x0000000709000000, 0x00000007bc400000)
  object space 147456K, 38% used [0x0000000700000000,0x0000000703805e60,0x0000000709000000)
 Metaspace       used 66007K, capacity 66558K, committed 67328K, reserved 1107968K
  class space    used 9045K, capacity 9169K, committed 9216K, reserved 1048576K
GC Heap History (10 events):
Event: 2745.133 GC heap before
{Heap before GC invocations=172 (full 5):
 PSYoungGen      total 54784K, used 54758K [0x00000007bc400000, 0x00000007c0000000, 0x00000007c0000000)
  eden space 52224K, 100% used [0x00000007bc400000,0x00000007bf700000,0x00000007bf700000)
  from space 2560K, 99% used [0x00000007bfd80000,0x00000007bfff9a10,0x00000007c0000000)
  to   space 4608K, 0% used [0x00000007bf700000,0x00000007bf700000,0x00000007bfb80000)
 ParOldGen       total 147456K, used 57030K [0x0000000700000000, 0x0000000709000000, 0x00000007bc400000)
  object space 147456K, 38% used [0x0000000700000000,0x00000007037b1800,0x0000000709000000)
 Metaspace       used 65956K, capacity 66558K, committed 67328K, reserved 1107968K
  class space    used 9045K, capacity 9169K, committed 9216K, reserved 1048576K
Event: 2745.140 GC heap after
Heap after GC invocations=172 (full 5):
 PSYoungGen      total 56832K, used 2313K [0x00000007bc400000, 0x00000007c0000000, 0x00000007c0000000)
  eden space 52224K, 0% used [0x00000007bc400000,0x00000007bc400000,0x00000007bf700000)
  from space 4608K, 50% used [0x00000007bf700000,0x00000007bf9425b0,0x00000007bfb80000)
  to   space 4608K, 0% used [0x00000007bfb80000,0x00000007bfb80000,0x00000007c0000000)
 ParOldGen       total 147456K, used 57062K [0x0000000700000000, 0x0000000709000000, 0x00000007bc400000)
  object space 147456K, 38% used [0x0000000700000000,0x00000007037b9800,0x0000000709000000)
 Metaspace       used 65956K, capacity 66558K, committed 67328K, reserved 1107968K
  class space    used 9045K, capacity 9169K, committed 9216K, reserved 1048576K
}
Event: 2748.098 GC heap before
{Heap before GC invocations=173 (full 5):
 PSYoungGen      total 56832K, used 54537K [0x00000007bc400000, 0x00000007c0000000, 0x00000007c0000000)
  eden space 52224K, 100% used [0x00000007bc400000,0x00000007bf700000,0x00000007bf700000)
  from space 4608K, 50% used [0x00000007bf700000,0x00000007bf9425b0,0x00000007bfb80000)
  to   space 4608K, 0% used [0x00000007bfb80000,0x00000007bfb80000,0x00000007c0000000)
 ParOldGen       total 147456K, used 57062K [0x0000000700000000, 0x0000000709000000, 0x00000007bc400000)
  object space 147456K, 38% used [0x0000000700000000,0x00000007037b9800,0x0000000709000000)
 Metaspace       used 65966K, capacity 66558K, committed 67328K, reserved 1107968K
  class space    used 9045K, capacity 9169K, committed 9216K, reserved 1048576K
Event: 2748.102 GC heap after
Heap after GC invocations=173 (full 5):
 PSYoungGen      total 56832K, used 1961K [0x00000007bc400000, 0x00000007c0000000, 0x00000007c0000000)
  eden space 52224K, 0% used [0x00000007bc400000,0x00000007bc400000,0x00000007bf700000)
  from space 4608K, 42% used [0x00000007bfb80000,0x00000007bfd6a5b0,0x00000007c0000000)
  to   space 4608K, 0% used [0x00000007bf700000,0x00000007bf700000,0x00000007bfb80000)
 ParOldGen       total 147456K, used 57062K [0x0000000700000000, 0x0000000709000000, 0x00000007bc400000)
  object space 147456K, 38% used [0x0000000700000000,0x00000007037b9800,0x0000000709000000)
 Metaspace       used 65966K, capacity 66558K, committed 67328K, reserved 1107968K
  class space    used 9045K, capacity 9169K, committed 9216K, reserved 1048576K
}
Event: 2754.168 GC heap before
{Heap before GC invocations=174 (full 5):
 PSYoungGen      total 56832K, used 54185K [0x00000007bc400000, 0x00000007c0000000, 0x00000007c0000000)
  eden space 52224K, 100% used [0x00000007bc400000,0x00000007bf700000,0x00000007bf700000)
  from space 4608K, 42% used [0x00000007bfb80000,0x00000007bfd6a5b0,0x00000007c0000000)
  to   space 4608K, 0% used [0x00000007bf700000,0x00000007bf700000,0x00000007bfb80000)
 ParOldGen       total 147456K, used 57062K [0x0000000700000000, 0x0000000709000000, 0x00000007bc400000)
  object space 147456K, 38% used [0x0000000700000000,0x00000007037b9800,0x0000000709000000)
 Metaspace       used 65966K, capacity 66558K, committed 67328K, reserved 1107968K
  class space    used 9045K, capacity 9169K, committed 9216K, reserved 1048576K
Event: 2754.172 GC heap after
Heap after GC invocations=174 (full 5):
 PSYoungGen      total 56832K, used 2025K [0x00000007bc400000, 0x00000007c0000000, 0x00000007c0000000)
  eden space 52224K, 0% used [0x00000007bc400000,0x00000007bc400000,0x00000007bf700000)
  from space 4608K, 43% used [0x00000007bf700000,0x00000007bf8fa5b0,0x00000007bfb80000)
  to   space 4096K, 0% used [0x00000007bfc00000,0x00000007bfc00000,0x00000007c0000000)
 ParOldGen       total 147456K, used 57110K [0x0000000700000000, 0x0000000709000000, 0x00000007bc400000)
  object space 147456K, 38% used [0x0000000700000000,0x00000007037c5800,0x0000000709000000)
 Metaspace       used 65966K, capacity 66558K, committed 67328K, reserved 1107968K
  class space    used 9045K, capacity 9169K, committed 9216K, reserved 1048576K
}
Event: 2756.698 GC heap before
{Heap before GC invocations=175 (full 5):
 PSYoungGen      total 56832K, used 54249K [0x00000007bc400000, 0x00000007c0000000, 0x00000007c0000000)
  eden space 52224K, 100% used [0x00000007bc400000,0x00000007bf700000,0x00000007bf700000)
  from space 4608K, 43% used [0x00000007bf700000,0x00000007bf8fa5b0,0x00000007bfb80000)
  to   space 4096K, 0% used [0x00000007bfc00000,0x00000007bfc00000,0x00000007c0000000)
 ParOldGen       total 147456K, used 57110K [0x0000000700000000, 0x0000000709000000, 0x00000007bc400000)
  object space 147456K, 38% used [0x0000000700000000,0x00000007037c5800,0x0000000709000000)
 Metaspace       used 65981K, capacity 66558K, committed 67328K, reserved 1107968K
  class space    used 9045K, capacity 9169K, committed 9216K, reserved 1048576K
Event: 2756.702 GC heap after
Heap after GC invocations=175 (full 5):
 PSYoungGen      total 57344K, used 2080K [0x00000007bc400000, 0x00000007c0000000, 0x00000007c0000000)
  eden space 53248K, 0% used [0x00000007bc400000,0x00000007bc400000,0x00000007bf800000)
  from space 4096K, 50% used [0x00000007bfc00000,0x00000007bfe08000,0x00000007c0000000)
  to   space 4096K, 0% used [0x00000007bf800000,0x00000007bf800000,0x00000007bfc00000)
 ParOldGen       total 147456K, used 57280K [0x0000000700000000, 0x0000000709000000, 0x00000007bc400000)
  object space 147456K, 38% used [0x0000000700000000,0x00000007037f0340,0x0000000709000000)
 Metaspace       used 65981K, capacity 66558K, committed 67328K, reserved 1107968K
  class space    used 9045K, capacity 9169K, committed 9216K, reserved 1048576K
}
Event: 2766.158 GC heap before
{Heap before GC invocations=176 (full 5):
 PSYoungGen      total 57344K, used 55328K [0x00000007bc400000, 0x00000007c0000000, 0x00000007c0000000)
  eden space 53248K, 100% used [0x00000007bc400000,0x00000007bf800000,0x00000007bf800000)
  from space 4096K, 50% used [0x00000007bfc00000,0x00000007bfe08000,0x00000007c0000000)
  to   space 4096K, 0% used [0x00000007bf800000,0x00000007bf800000,0x00000007bfc00000)
 ParOldGen       total 147456K, used 57280K [0x0000000700000000, 0x0000000709000000, 0x00000007bc400000)
  object space 147456K, 38% used [0x0000000700000000,0x00000007037f0340,0x0000000709000000)
 Metaspace       used 66007K, capacity 66558K, committed 67328K, reserved 1107968K
  class space    used 9045K, capacity 9169K, committed 9216K, reserved 1048576K
Event: 2766.162 GC heap after
Heap after GC invocations=176 (full 5):
 PSYoungGen      total 57344K, used 2304K [0x00000007bc400000, 0x00000007c0000000, 0x00000007c0000000)
  eden space 53248K, 0% used [0x00000007bc400000,0x00000007bc400000,0x00000007bf800000)
  from space 4096K, 56% used [0x00000007bf800000,0x00000007bfa40000,0x00000007bfc00000)
  to   space 4096K, 0% used [0x00000007bfc00000,0x00000007bfc00000,0x00000007c0000000)
 ParOldGen       total 147456K, used 57367K [0x0000000700000000, 0x0000000709000000, 0x00000007bc400000)
  object space 147456K, 38% used [0x0000000700000000,0x0000000703805e60,0x0000000709000000)
 Metaspace       used 66007K, capacity 66558K, committed 67328K, reserved 1107968K
  class space    used 9045K, capacity 9169K, committed 9216K, reserved 1048576K
}

